<?xml version="1.0" encoding="UTF-8"?>
<testng-results skipped="0" failed="0" ignored="0" total="2" passed="2">
  <reporter-output>
  </reporter-output>
  <suite name="Default suite" duration-ms="47" started-at="2017-12-06T05:52:08Z" finished-at="2017-12-06T05:52:08Z">
    <groups>
    </groups>
    <test name="Default test" duration-ms="47" started-at="2017-12-06T05:52:08Z" finished-at="2017-12-06T05:52:08Z">
      <class name="com.craftsvilla.test.DataProviderExpl">
        <test-method status="PASS" signature="verify(java.lang.String, int)[pri:0, instance:com.craftsvilla.test.DataProviderExpl@224edc67]" name="verify" duration-ms="10" started-at="2017-12-06T11:22:08Z" data-provider="getdata" finished-at="2017-12-06T11:22:08Z">
          <params>
            <param index="0">
              <value>
                <![CDATA[user]]>
              </value>
            </param>
            <param index="1">
              <value>
                <![CDATA[123]]>
              </value>
            </param>
          </params>
          <reporter-output>
          </reporter-output>
        </test-method> <!-- verify -->
        <test-method status="PASS" signature="verify(java.lang.String, int)[pri:0, instance:com.craftsvilla.test.DataProviderExpl@224edc67]" name="verify" duration-ms="1" started-at="2017-12-06T11:22:08Z" data-provider="getdata" finished-at="2017-12-06T11:22:08Z">
          <params>
            <param index="0">
              <value>
                <![CDATA[pwd]]>
              </value>
            </param>
            <param index="1">
              <value>
                <![CDATA[456]]>
              </value>
            </param>
          </params>
          <reporter-output>
          </reporter-output>
        </test-method> <!-- verify -->
      </class> <!-- com.craftsvilla.test.DataProviderExpl -->
    </test> <!-- Default test -->
  </suite> <!-- Default suite -->
</testng-results>
